<?xml version="1.0" encoding="UTF-8"?>
<testng-results skipped="0" failed="0" ignored="0" total="1" passed="1">
  <reporter-output>
  </reporter-output>
  <suite name="Suite" duration-ms="42791" started-at="2020-02-16T00:02:27Z" finished-at="2020-02-16T00:03:10Z">
    <groups>
    </groups>
    <test name="Test" duration-ms="42791" started-at="2020-02-16T00:02:27Z" finished-at="2020-02-16T00:03:10Z">
      <class name="BankingTestCase.LoginPageTestCase">
        <test-method status="PASS" signature="setUp()[pri:0, instance:BankingTestCase.LoginPageTestCase@9711b]" name="setUp" is-config="true" duration-ms="16743" started-at="2020-02-16T00:02:27Z" finished-at="2020-02-16T00:02:44Z">
          <reporter-output>
          </reporter-output>
        </test-method> <!-- setUp -->
        <test-method status="PASS" signature="loginTest()[pri:0, instance:BankingTestCase.LoginPageTestCase@9711b]" name="loginTest" duration-ms="24225" started-at="2020-02-16T00:02:44Z" finished-at="2020-02-16T00:03:08Z">
          <reporter-output>
          </reporter-output>
        </test-method> <!-- loginTest -->
        <test-method status="PASS" signature="tearDown()[pri:0, instance:BankingTestCase.LoginPageTestCase@9711b]" name="tearDown" is-config="true" duration-ms="1726" started-at="2020-02-16T00:03:08Z" finished-at="2020-02-16T00:03:10Z">
          <reporter-output>
          </reporter-output>
        </test-method> <!-- tearDown -->
      </class> <!-- BankingTestCase.LoginPageTestCase -->
    </test> <!-- Test -->
  </suite> <!-- Suite -->
</testng-results>
