<?xml version="1.0" encoding="UTF-8"?>
<testng-results skipped="0" failed="0" ignored="0" total="1" passed="1">
  <reporter-output>
  </reporter-output>
  <suite name="Default suite" duration-ms="33627" started-at="2020-01-16T16:21:13Z" finished-at="2020-01-16T16:21:47Z">
    <groups>
    </groups>
    <test name="Default test" duration-ms="33627" started-at="2020-01-16T16:21:13Z" finished-at="2020-01-16T16:21:47Z">
      <class name="BankingTestCase.LoginPageTestCase">
        <test-method status="PASS" signature="setUp()[pri:0, instance:BankingTestCase.LoginPageTestCase@e26948]" name="setUp" is-config="true" duration-ms="22484" started-at="2020-01-16T16:21:13Z" finished-at="2020-01-16T16:21:36Z">
          <reporter-output>
          </reporter-output>
        </test-method> <!-- setUp -->
        <test-method status="PASS" signature="loginTest()[pri:0, instance:BankingTestCase.LoginPageTestCase@e26948]" name="loginTest" duration-ms="9342" started-at="2020-01-16T16:21:36Z" finished-at="2020-01-16T16:21:45Z">
          <reporter-output>
          </reporter-output>
        </test-method> <!-- loginTest -->
        <test-method status="PASS" signature="tearDown()[pri:0, instance:BankingTestCase.LoginPageTestCase@e26948]" name="tearDown" is-config="true" duration-ms="1642" started-at="2020-01-16T16:21:45Z" finished-at="2020-01-16T16:21:47Z">
          <reporter-output>
          </reporter-output>
        </test-method> <!-- tearDown -->
      </class> <!-- BankingTestCase.LoginPageTestCase -->
    </test> <!-- Default test -->
  </suite> <!-- Default suite -->
</testng-results>
